#begin Mon Apr 14 07:27:51 2014
Tue Apr 15 22:13:42 2014,1397592822,user000010
Wed Apr 16 11:00:52 2014,1397638852,user010000
Wed Apr 16 11:00:53 2014,1397638853,user010000
Wed Apr 16 11:00:55 2014,1397638855,user010000
Wed Apr 16 11:00:57 2014,1397638857,user000100
Wed Apr 16 11:00:58 2014,1397638858,user100000
Wed Apr 16 11:01:01 2014,1397638861,user100000
Wed Apr 16 12:34:26 2014,1397644466,user001000
Wed Apr 16 12:34:27 2014,1397644467,user001000
Wed Apr 16 12:34:28 2014,1397644468,user001000
Wed Apr 16 12:34:29 2014,1397644469,user001000
Wed Apr 16 12:34:29 2014,1397644469,user001000
Wed Apr 16 12:34:33 2014,1397644473,user000010
Wed Apr 16 12:34:34 2014,1397644474,user000010
Wed Apr 16 12:34:34 2014,1397644474,user000010
Wed Apr 16 12:34:36 2014,1397644476,user000010
Wed Apr 16 12:34:40 2014,1397644480,user000001
Thu Apr 17 09:08:05 2014,1397718485,user000010
Thu Apr 17 09:08:06 2014,1397718486,user000010
Thu Apr 17 09:08:08 2014,1397718488,user000010
Thu Apr 17 09:08:08 2014,1397718488,user000010
Thu Apr 17 09:08:09 2014,1397718489,user000010
Thu Apr 17 12:08:44 2014,1397729324,user000010
Thu Apr 17 12:08:44 2014,1397729324,user000010
Thu Apr 17 12:08:45 2014,1397729325,user001000
Thu Apr 17 15:05:33 2014,1397739933,user000100
Thu Apr 17 15:05:34 2014,1397739934,user000100
Thu Apr 17 15:05:35 2014,1397739935,user000100
Thu Apr 17 15:05:39 2014,1397739939,user000100
Thu Apr 17 15:05:40 2014,1397739940,user000100
#begin Fri Apr 18 09:28:56 2014
Fri Apr 18 12:20:00 2014,1397816400,user000100
Fri Apr 18 12:20:05 2014,1397816405,user000100
Tue Apr 22 15:10:14 2014,1398172214,user000100
Wed Apr 23 09:06:30 2014,1398236790,user010000
Wed Apr 23 09:06:30 2014,1398236790,user000100
Wed Apr 23 09:06:30 2014,1398236790,user100000
Wed Apr 23 09:06:31 2014,1398236791,user000001
Wed Apr 23 09:07:09 2014,1398236829,user000100
Wed Apr 23 09:07:11 2014,1398236831,user000100
Wed Apr 23 09:07:18 2014,1398236838,user000100
Wed Apr 23 09:07:19 2014,1398236839,user000100
Wed Apr 23 12:09:52 2014,1398247792,user000010
Wed Apr 23 12:09:53 2014,1398247793,user000010
Wed Apr 23 12:10:30 2014,1398247830,user000010
Wed Apr 23 12:10:36 2014,1398247836,user000010
#begin Sat May  3 10:56:44 2014
#begin Sat May  3 11:06:21 2014
#begin Sat May  3 11:22:42 2014
#begin Sat May  3 11:36:31 2014
#begin Thu May  8 11:25:55 2014
Thu May  8 17:36:43 2014,1399563403,user000001
Thu May  8 17:36:44 2014,1399563404,user000001
Thu May  8 17:36:45 2014,1399563405,user100000
Thu May  8 17:36:46 2014,1399563406,user100000
Thu May  8 17:36:47 2014,1399563407,user000100
Thu May  8 17:36:48 2014,1399563408,user000100
Thu May  8 17:36:49 2014,1399563409,user010000
Thu May  8 17:36:50 2014,1399563410,user010000
Thu May  8 17:36:50 2014,1399563410,user001000
Thu May  8 17:36:52 2014,1399563412,user001000
Thu May  8 17:36:53 2014,1399563413,user000010
Thu May  8 17:36:54 2014,1399563414,user000010
Thu May  8 17:36:55 2014,1399563415,user000010
Thu May  8 17:36:56 2014,1399563416,user000010
Thu May  8 17:36:56 2014,1399563416,user000110
#begin Wed May 14 09:36:44 2014
Sat May 17 09:08:37 2014,1400310517,user010000
Sat May 17 09:08:38 2014,1400310518,user010000
Sat May 17 09:08:40 2014,1400310520,user100000
Sat May 17 09:08:40 2014,1400310520,user100000
Sat May 17 09:08:41 2014,1400310521,user001000
Sat May 17 09:08:42 2014,1400310522,user001000
Sat May 17 09:27:05 2014,1400311625,user100000
Sat May 17 09:27:08 2014,1400311628,user100000
Sat May 17 09:27:09 2014,1400311629,user100000
Sat May 17 09:27:11 2014,1400311631,user100000
Sat May 17 09:27:11 2014,1400311631,user100000
Sat May 17 09:27:13 2014,1400311633,user100000
Sat May 17 09:27:17 2014,1400311637,user100000
Sat May 17 09:27:19 2014,1400311639,user100000
Sat May 17 09:28:28 2014,1400311708,user100000
Sat May 17 09:28:28 2014,1400311708,user100000
Sat May 17 09:28:29 2014,1400311709,user100000
Sat May 17 09:28:34 2014,1400311714,user100000
Sat May 17 09:36:03 2014,1400312163,user100000
Sat May 17 09:36:03 2014,1400312163,user100000
Sat May 17 09:36:04 2014,1400312164,user001000
Sat May 17 09:36:05 2014,1400312165,user010000
Sat May 17 09:36:05 2014,1400312165,user100000
Sat May 17 09:36:06 2014,1400312166,user100000
Sat May 17 09:37:50 2014,1400312270,user100000
Sat May 17 09:37:50 2014,1400312270,user100000
Sat May 17 09:40:32 2014,1400312432,user001000
Sat May 17 09:40:32 2014,1400312432,user001000
Sat May 17 09:40:33 2014,1400312433,user001000
Sat May 17 09:40:34 2014,1400312434,user001000
Sat May 17 09:40:35 2014,1400312435,user001000
Sat May 17 09:40:36 2014,1400312436,user001000
Sat May 17 09:40:38 2014,1400312438,user001000
Sat May 17 09:40:38 2014,1400312438,user001000
Sat May 17 09:40:39 2014,1400312439,user010000
Sat May 17 09:40:40 2014,1400312440,user100000
Sat May 17 09:40:41 2014,1400312441,user000001
Sat May 17 09:40:42 2014,1400312442,user000100
Sat May 17 09:40:43 2014,1400312443,user000010
Sat May 17 09:40:43 2014,1400312443,user001000
Sat May 17 09:40:44 2014,1400312444,user001000
Sat May 17 09:40:46 2014,1400312446,user001000
Sat May 17 09:40:47 2014,1400312447,user010000
Sat May 17 09:40:51 2014,1400312451,user000010
Sat May 17 09:40:51 2014,1400312451,user010000
Sat May 17 09:40:54 2014,1400312454,user000010
Sat May 17 09:40:55 2014,1400312455,user001000
Sat May 17 09:40:55 2014,1400312455,user010000
Sat May 17 09:40:56 2014,1400312456,user000100
Sat May 17 09:40:56 2014,1400312456,user100000
Sat May 17 09:40:57 2014,1400312457,user000001
Sat May 17 09:41:02 2014,1400312462,user000010
Sat May 17 09:41:04 2014,1400312464,user000010
Sat May 17 09:42:04 2014,1400312524,user001000
Sat May 17 09:42:06 2014,1400312526,user001000
Sat May 17 09:42:57 2014,1400312577,user001000
Sat May 17 09:42:58 2014,1400312578,user001000
Sat May 17 09:43:03 2014,1400312583,user001000
Sat May 17 09:43:30 2014,1400312610,user001000
Sat May 17 09:43:31 2014,1400312611,user001000
Sat May 17 09:43:33 2014,1400312613,user001000
Sat May 17 09:51:53 2014,1400313113,user001000
Sat May 17 09:53:03 2014,1400313183,user001000
Sat May 17 09:53:04 2014,1400313184,user010000
Sat May 17 09:54:55 2014,1400313295,user010000
Sat May 17 09:54:57 2014,1400313297,user010000
Sat May 17 09:55:00 2014,1400313300,user010000
Sat May 17 09:55:03 2014,1400313303,user010000
Sat May 17 09:55:05 2014,1400313305,user000100
Sat May 17 09:55:07 2014,1400313307,user000100
Sat May 17 09:55:14 2014,1400313314,user010000
Sat May 17 09:55:18 2014,1400313318,user010000
Sat May 17 09:55:20 2014,1400313320,user010000
Sat May 17 09:55:41 2014,1400313341,user001000
Sat May 17 09:55:45 2014,1400313345,user001000
Sat May 17 09:56:06 2014,1400313366,user001000
Sat May 17 09:56:06 2014,1400313366,user001000
Sat May 17 09:56:07 2014,1400313367,user001000
Sat May 17 09:56:08 2014,1400313368,user001000
Sat May 17 09:56:08 2014,1400313368,user001000
Sat May 17 09:56:09 2014,1400313369,user001000
Sat May 17 09:56:10 2014,1400313370,user001000
Sat May 17 09:56:10 2014,1400313370,user001000
Sat May 17 09:56:11 2014,1400313371,user010000
Sat May 17 09:56:13 2014,1400313373,user010000
Sat May 17 09:59:08 2014,1400313548,user010000
Sat May 17 09:59:10 2014,1400313550,user010000
Sat May 17 09:59:11 2014,1400313551,user010000
Sat May 17 09:59:18 2014,1400313558,user000010
Sat May 17 09:59:55 2014,1400313595,user010000
Sat May 17 09:59:57 2014,1400313597,user010000
Sat May 17 10:00:02 2014,1400313602,user010000
Sat May 17 10:00:09 2014,1400313609,user100000
Sat May 17 10:00:32 2014,1400313632,user000010
Sat May 17 10:01:12 2014,1400313672,user001000
Sat May 17 10:01:13 2014,1400313673,user001000
Sat May 17 10:01:55 2014,1400313715,user001000
Sat May 17 10:01:59 2014,1400313719,user001000
Sat May 17 10:02:00 2014,1400313720,user001000
Sat May 17 10:02:03 2014,1400313723,user001000
Sat May 17 10:02:34 2014,1400313754,user001000
Sat May 17 10:02:37 2014,1400313757,user001000
Sat May 17 10:02:39 2014,1400313759,user010000
Sat May 17 10:02:40 2014,1400313760,user100000
Sat May 17 10:02:42 2014,1400313762,user001000
Sat May 17 10:02:47 2014,1400313767,user001000
Sat May 17 10:18:41 2014,1400314721,user001000
Sat May 17 10:19:14 2014,1400314754,user001000
Sat May 17 10:19:19 2014,1400314759,user001000
Sat May 17 12:17:14 2014,1400321834,user000100
Sat May 17 12:18:13 2014,1400321893,user000100
Sat May 17 13:32:13 2014,1400326333,user000100
Sat May 17 13:32:50 2014,1400326370,user001000
Sat May 17 13:32:50 2014,1400326370,user010000
Sat May 17 13:32:51 2014,1400326371,user100000
Sat May 17 13:34:23 2014,1400326463,user000010
Sat May 17 13:44:44 2014,1400327084,user001000
Sun May 18 16:40:24 2014,1400424024,user001000
Sun May 18 16:55:39 2014,1400424939,user001000
Mon May 19 05:43:12 2014,1400470992,user000010
Mon May 19 05:43:17 2014,1400470997,user000010
Mon May 19 05:43:29 2014,1400471009,user000010
Mon May 19 05:44:02 2014,1400471042,user000100
Mon May 19 05:44:03 2014,1400471043,user000100
Mon May 19 05:51:30 2014,1400471490,user000010
Mon May 19 05:52:34 2014,1400471554,user000001
Mon May 19 05:54:01 2014,1400471641,user000100
Mon May 19 05:56:52 2014,1400471812,user000001
Mon May 19 07:15:31 2014,1400476531,user000001
Mon May 19 07:15:32 2014,1400476532,user000001
Mon May 19 07:26:17 2014,1400477177,user000001
Mon May 19 07:27:33 2014,1400477253,user000010
Mon May 19 07:33:35 2014,1400477615,user000010
Mon May 19 08:12:03 2014,1400479923,user000001
Mon May 19 08:18:40 2014,1400480320,user000001
Mon May 19 09:13:50 2014,1400483630,user000100
Mon May 19 09:14:02 2014,1400483642,user000001
Mon May 19 09:41:07 2014,1400485267,user000001
Mon May 19 09:42:31 2014,1400485351,user000100
Mon May 19 09:49:01 2014,1400485741,user000010
Mon May 19 09:49:04 2014,1400485744,user000010
Mon May 19 09:59:56 2014,1400486396,user000010
Mon May 19 11:31:16 2014,1400491876,user000001
Mon May 19 11:31:43 2014,1400491903,user000010
Mon May 19 11:31:45 2014,1400491905,user000100
Mon May 19 11:59:20 2014,1400493560,user000001
Mon May 19 11:59:57 2014,1400493597,user000010
Mon May 19 12:00:31 2014,1400493631,user000100
Mon May 19 12:24:23 2014,1400495063,user000001
Mon May 19 12:26:45 2014,1400495205,user000001
Mon May 19 13:11:41 2014,1400497901,user000001
Mon May 19 13:16:16 2014,1400498176,user000001
Mon May 19 14:12:30 2014,1400501550,user100000
Mon May 19 14:12:44 2014,1400501564,user100000
Mon May 19 14:21:37 2014,1400502097,user000100
Mon May 19 14:23:01 2014,1400502181,user000100
Mon May 19 14:23:37 2014,1400502217,user000001
Mon May 19 14:31:37 2014,1400502697,user000001
Mon May 19 15:05:21 2014,1400504721,user000001
Mon May 19 15:05:22 2014,1400504722,user000001
Mon May 19 15:07:25 2014,1400504845,user000001
Mon May 19 15:44:49 2014,1400507089,user000100
Mon May 19 15:45:13 2014,1400507113,user000001
Mon May 19 15:52:10 2014,1400507530,user000100
Mon May 19 15:52:33 2014,1400507553,user000001
Mon May 19 16:10:12 2014,1400508612,user000010
Mon May 19 16:19:06 2014,1400509146,user000010
Mon May 19 17:13:49 2014,1400512429,user000010
Mon May 19 17:21:45 2014,1400512905,user000010
Tue May 20 05:45:20 2014,1400557520,user000010
Tue May 20 05:45:28 2014,1400557528,user000100
Tue May 20 05:51:56 2014,1400557916,user000001
Tue May 20 05:53:18 2014,1400557998,user000010
Tue May 20 05:55:01 2014,1400558101,user000100
Tue May 20 05:56:00 2014,1400558160,user000001
Tue May 20 07:19:51 2014,1400563191,user000001
Tue May 20 07:30:49 2014,1400563849,user000001
Tue May 20 08:35:13 2014,1400567713,user000001
Tue May 20 08:36:44 2014,1400567804,user000001
Tue May 20 08:45:42 2014,1400568342,user000100
Tue May 20 08:46:43 2014,1400568403,user000100
Tue May 20 09:06:49 2014,1400569609,user000100
Tue May 20 09:06:55 2014,1400569615,user000001
Tue May 20 09:09:06 2014,1400569746,user000010
Tue May 20 09:09:50 2014,1400569790,user000010
Tue May 20 09:11:02 2014,1400569862,user000010
Tue May 20 09:35:51 2014,1400571351,user000100
Tue May 20 09:35:58 2014,1400571358,user000001
Tue May 20 09:37:53 2014,1400571473,user000010
Tue May 20 10:25:50 2014,1400574350,user000100
Tue May 20 10:29:20 2014,1400574560,user000100
Tue May 20 10:33:32 2014,1400574812,user000001
Tue May 20 10:39:47 2014,1400575187,user000001
Tue May 20 11:34:01 2014,1400578441,user000010
Tue May 20 11:34:25 2014,1400578465,user000100
Tue May 20 11:37:11 2014,1400578631,user000001
Tue May 20 12:03:14 2014,1400580194,user000010
Tue May 20 12:03:42 2014,1400580222,user000001
Tue May 20 12:04:12 2014,1400580252,user000100
Tue May 20 12:51:57 2014,1400583117,user010000
Tue May 20 13:19:32 2014,1400584772,user000001
Tue May 20 13:20:32 2014,1400584832,user000001
Tue May 20 13:45:07 2014,1400586307,user000010
Tue May 20 13:46:03 2014,1400586363,user000010
Tue May 20 14:03:42 2014,1400587422,user000001
Tue May 20 14:04:43 2014,1400587483,user000001
Tue May 20 14:24:00 2014,1400588640,user000001
Tue May 20 14:31:12 2014,1400589072,user000001
Tue May 20 14:53:43 2014,1400590423,user000001
Tue May 20 14:54:43 2014,1400590483,user000001
Tue May 20 14:54:49 2014,1400590489,user000100
Tue May 20 14:55:51 2014,1400590551,user000100
Tue May 20 15:08:02 2014,1400591282,user000010
Tue May 20 15:08:04 2014,1400591284,user000100
Tue May 20 15:14:28 2014,1400591668,user000100
Tue May 20 15:14:31 2014,1400591671,user000010
Tue May 20 15:17:04 2014,1400591824,user000001
Tue May 20 15:22:51 2014,1400592171,user000001
Tue May 20 15:36:51 2014,1400593011,user000001
Tue May 20 15:44:05 2014,1400593445,user000001
Wed May 21 05:45:36 2014,1400643936,user000010
Wed May 21 05:45:38 2014,1400643938,user000100
Wed May 21 05:50:20 2014,1400644220,user000001
Wed May 21 05:55:33 2014,1400644533,user000010
Wed May 21 05:55:46 2014,1400644546,user000100
Wed May 21 05:57:21 2014,1400644641,user000001
Wed May 21 07:17:38 2014,1400649458,user000001
Wed May 21 07:27:43 2014,1400650063,user000001
Wed May 21 09:08:01 2014,1400656081,user000001
Wed May 21 09:11:45 2014,1400656305,user000100
Wed May 21 09:12:34 2014,1400656354,user000010
Wed May 21 09:36:50 2014,1400657810,user000001
Wed May 21 09:41:03 2014,1400658063,user000010
Wed May 21 09:41:05 2014,1400658065,user000100
Wed May 21 10:24:08 2014,1400660648,user000001
Wed May 21 10:33:22 2014,1400661202,user000001
Wed May 21 11:35:23 2014,1400664923,user000100
Wed May 21 11:35:25 2014,1400664925,user000010
Wed May 21 11:35:29 2014,1400664929,user000001
Wed May 21 12:05:26 2014,1400666726,user000001
Wed May 21 12:06:36 2014,1400666796,user000010
Wed May 21 12:07:05 2014,1400666825,user000100
Wed May 21 12:30:27 2014,1400668227,user000001
Wed May 21 12:37:21 2014,1400668641,user000001
Wed May 21 13:23:52 2014,1400671432,user000100
Wed May 21 13:28:39 2014,1400671719,user000100
Wed May 21 13:40:58 2014,1400672458,user000001
Wed May 21 13:48:37 2014,1400672917,user000001
Wed May 21 14:36:28 2014,1400675788,user000001
Wed May 21 14:44:32 2014,1400676272,user000001
Wed May 21 15:06:43 2014,1400677603,user000010
Wed May 21 15:06:45 2014,1400677605,user000100
Wed May 21 15:13:04 2014,1400677984,user000010
Wed May 21 15:13:15 2014,1400677995,user000100
Wed May 21 15:22:21 2014,1400678541,user000001
Wed May 21 15:23:20 2014,1400678600,user000001
Wed May 21 15:40:32 2014,1400679632,user000001
Wed May 21 15:58:04 2014,1400680684,user000001
Thu May 22 05:45:18 2014,1400730318,user000010
Thu May 22 05:45:48 2014,1400730348,user000100
Thu May 22 05:55:43 2014,1400730943,user000010
Thu May 22 05:55:44 2014,1400730944,user000100
Thu May 22 05:56:53 2014,1400731013,user000001
Thu May 22 05:58:51 2014,1400731131,user000001
Thu May 22 07:09:06 2014,1400735346,user000001
Thu May 22 07:19:07 2014,1400735947,user000001
Thu May 22 07:59:20 2014,1400738360,user000100
Thu May 22 08:01:34 2014,1400738494,user000100
Thu May 22 08:32:34 2014,1400740354,user000001
Thu May 22 08:39:20 2014,1400740760,user000001
Thu May 22 09:01:04 2014,1400742064,user000100
Thu May 22 09:01:07 2014,1400742067,user000001
Thu May 22 09:01:09 2014,1400742069,user000010
Thu May 22 09:33:45 2014,1400744025,user000010
Thu May 22 09:34:36 2014,1400744076,user000100
Thu May 22 09:35:07 2014,1400744107,user000001
Thu May 22 10:03:24 2014,1400745804,user000001
Thu May 22 10:09:12 2014,1400746152,user000001
Thu May 22 10:27:40 2014,1400747260,user000100
Thu May 22 10:30:16 2014,1400747416,user000100
Thu May 22 10:33:09 2014,1400747589,user000001
Thu May 22 10:35:11 2014,1400747711,user000001
Thu May 22 11:37:01 2014,1400751421,user000010
Thu May 22 11:42:06 2014,1400751726,user000001
Thu May 22 11:42:16 2014,1400751736,user000100
Thu May 22 12:00:26 2014,1400752826,user001000
Thu May 22 12:00:36 2014,1400752836,user000001
Thu May 22 12:00:40 2014,1400752840,user000100
Thu May 22 12:00:43 2014,1400752843,user000010
Thu May 22 12:01:37 2014,1400752897,user010000
Thu May 22 12:01:39 2014,1400752899,user010000
Thu May 22 12:02:01 2014,1400752921,user001000
Thu May 22 12:02:01 2014,1400752921,user001000
Thu May 22 12:02:08 2014,1400752928,user001000
Thu May 22 12:02:10 2014,1400752930,user001000
Thu May 22 12:02:10 2014,1400752930,user001000
Thu May 22 12:02:12 2014,1400752932,user010000
Thu May 22 12:02:18 2014,1400752938,user010000
Thu May 22 12:02:19 2014,1400752939,user010000
Thu May 22 12:02:21 2014,1400752941,user010000
Thu May 22 12:02:31 2014,1400752951,user010000
Thu May 22 12:28:52 2014,1400754532,user010000
Thu May 22 12:32:54 2014,1400754774,user010000
Thu May 22 12:32:55 2014,1400754775,user010000
Thu May 22 12:33:03 2014,1400754783,user001000
Thu May 22 12:33:03 2014,1400754783,user001000
Thu May 22 12:33:05 2014,1400754785,user001000
Thu May 22 12:34:06 2014,1400754846,user001000
Thu May 22 12:34:09 2014,1400754849,user010000
Thu May 22 12:34:28 2014,1400754868,user010000
Thu May 22 12:34:30 2014,1400754870,user010000
Thu May 22 12:34:32 2014,1400754872,user010000
Thu May 22 12:34:34 2014,1400754874,user001000
Thu May 22 12:34:34 2014,1400754874,user001000
Thu May 22 12:34:41 2014,1400754881,user010000
Thu May 22 12:34:45 2014,1400754885,user010000
Thu May 22 12:34:49 2014,1400754889,user001000
Thu May 22 12:34:59 2014,1400754899,user001000
Thu May 22 12:34:59 2014,1400754899,user001000
Thu May 22 12:35:04 2014,1400754904,user010000
Thu May 22 13:01:40 2014,1400756500,user000010
Thu May 22 13:11:31 2014,1400757091,user000010
Thu May 22 13:12:11 2014,1400757131,user000001
Thu May 22 13:18:48 2014,1400757528,user000001
Thu May 22 13:21:04 2014,1400757664,user000100
Thu May 22 13:23:57 2014,1400757837,user000100
Thu May 22 14:29:35 2014,1400761775,user000001
Thu May 22 14:39:14 2014,1400762354,user000001
Thu May 22 15:06:00 2014,1400763960,user000100
Thu May 22 15:06:02 2014,1400763962,user000010
Thu May 22 15:14:37 2014,1400764477,user000100
Thu May 22 15:14:52 2014,1400764492,user000010
Thu May 22 15:34:15 2014,1400765655,user000001
Thu May 22 15:52:13 2014,1400766733,user000001
Fri May 23 05:46:13 2014,1400816773,user000010
Fri May 23 05:46:15 2014,1400816775,user000100
Fri May 23 05:56:27 2014,1400817387,user000100
Fri May 23 05:56:29 2014,1400817389,user000010
Fri May 23 08:07:19 2014,1400825239,user000100
Fri May 23 08:12:16 2014,1400825536,user000100
Fri May 23 09:15:27 2014,1400829327,user000100
Fri May 23 09:24:27 2014,1400829867,user000010
Fri May 23 09:46:14 2014,1400831174,user000100
Fri May 23 09:48:39 2014,1400831319,user000010
Fri May 23 11:36:38 2014,1400837798,user000010
Fri May 23 11:43:21 2014,1400838201,user000100
Fri May 23 12:04:56 2014,1400839496,user000010
Fri May 23 12:12:40 2014,1400839960,user000100
Fri May 23 15:03:38 2014,1400850218,user000010
Fri May 23 15:03:42 2014,1400850222,user000100
Fri May 23 15:12:20 2014,1400850740,user000100
Fri May 23 15:12:23 2014,1400850743,user000010
Mon May 26 04:45:55 2014,1401072355,user000100
Mon May 26 04:45:58 2014,1401072358,user000010
Mon May 26 04:53:01 2014,1401072781,user000010
Mon May 26 04:54:51 2014,1401072891,user000100
Mon May 26 05:54:41 2014,1401076481,user000001
Mon May 26 05:58:22 2014,1401076702,user000001
Mon May 26 07:04:15 2014,1401080655,user000001
Mon May 26 07:18:06 2014,1401081486,user000001
Mon May 26 07:51:34 2014,1401083494,user000001
Mon May 26 08:00:11 2014,1401084011,user000001
Mon May 26 09:07:49 2014,1401088069,user000001
Mon May 26 09:39:02 2014,1401089942,user000001
Mon May 26 10:36:11 2014,1401093371,user000001
Mon May 26 10:36:30 2014,1401093390,user000001
Mon May 26 11:32:05 2014,1401096725,user000001
Mon May 26 12:03:18 2014,1401098598,user000001
Mon May 26 14:20:34 2014,1401106834,user000001
Mon May 26 14:29:43 2014,1401107383,user000001
Mon May 26 15:33:02 2014,1401111182,user000001
Mon May 26 15:46:55 2014,1401112015,user000001
Mon May 26 23:35:40 2014,1401140140,user000100
Mon May 26 23:35:42 2014,1401140142,user000100
Mon May 26 23:36:22 2014,1401140182,user000010
Mon May 26 23:38:19 2014,1401140299,user000100
Mon May 26 23:38:34 2014,1401140314,user000010
Tue May 27 05:51:00 2014,1401162660,user000001
Tue May 27 05:54:35 2014,1401162875,user000001
Tue May 27 07:07:31 2014,1401167251,user000001
Tue May 27 07:19:34 2014,1401167974,user000001
Tue May 27 08:14:04 2014,1401171244,user000100
Tue May 27 08:22:19 2014,1401171739,user000100
Tue May 27 08:25:49 2014,1401171949,user000010
Tue May 27 08:30:27 2014,1401172227,user000010
Tue May 27 08:43:34 2014,1401173014,user000001
Tue May 27 08:48:21 2014,1401173301,user000001
Tue May 27 09:07:13 2014,1401174433,user000100
Tue May 27 09:07:15 2014,1401174435,user000001
Tue May 27 09:36:22 2014,1401176182,user000001
Tue May 27 09:36:23 2014,1401176183,user000001
Tue May 27 09:36:25 2014,1401176185,user000100
Tue May 27 10:12:33 2014,1401178353,user000001
Tue May 27 10:18:08 2014,1401178688,user000001
Tue May 27 11:16:21 2014,1401182181,user000001
Tue May 27 11:24:08 2014,1401182648,user000001
Tue May 27 11:35:55 2014,1401183355,user000100
Tue May 27 11:38:51 2014,1401183531,user000001
Tue May 27 11:42:49 2014,1401183769,user000010
Tue May 27 11:42:50 2014,1401183770,user000010
Tue May 27 12:04:41 2014,1401185081,user000001
Tue May 27 12:08:52 2014,1401185332,user000100
Tue May 27 12:12:04 2014,1401185524,user000010
Tue May 27 12:57:56 2014,1401188276,user000001
Tue May 27 12:58:59 2014,1401188339,user000001
Tue May 27 14:29:16 2014,1401193756,user000001
Tue May 27 14:35:40 2014,1401194140,user000001
Tue May 27 15:04:09 2014,1401195849,user000100
Tue May 27 15:05:30 2014,1401195930,user000010
Tue May 27 15:05:44 2014,1401195944,user000001
Tue May 27 15:07:45 2014,1401196065,user000100
Tue May 27 15:07:51 2014,1401196071,user000001
Tue May 27 15:22:33 2014,1401196953,user000010
Tue May 27 15:34:06 2014,1401197646,user000001
Tue May 27 15:47:19 2014,1401198439,user000001
Wed May 28 05:45:41 2014,1401248741,user000100
Wed May 28 05:46:08 2014,1401248768,user000010
Wed May 28 05:47:55 2014,1401248875,user000001
Wed May 28 05:52:56 2014,1401249176,user000001
Wed May 28 05:54:35 2014,1401249275,user000100
Wed May 28 05:55:40 2014,1401249340,user000010
Wed May 28 07:03:15 2014,1401253395,user000001
Wed May 28 07:14:08 2014,1401254048,user000001
Wed May 28 08:07:43 2014,1401257263,user000100
Wed May 28 08:14:00 2014,1401257640,user000100
Wed May 28 08:36:35 2014,1401258995,user000001
Wed May 28 08:43:35 2014,1401259415,user000001
Wed May 28 09:02:27 2014,1401260547,user000100
Wed May 28 09:02:29 2014,1401260549,user000001
Wed May 28 09:03:01 2014,1401260581,user000010
Wed May 28 09:33:44 2014,1401262424,user000010
Wed May 28 09:34:14 2014,1401262454,user000001
Wed May 28 09:34:19 2014,1401262459,user000100
Wed May 28 09:36:24 2014,1401262584,user000100
Wed May 28 09:36:50 2014,1401262610,user000100
Wed May 28 11:09:52 2014,1401268192,user000001
Wed May 28 11:13:47 2014,1401268427,user000001
Wed May 28 11:36:22 2014,1401269782,user000010
Wed May 28 11:39:40 2014,1401269980,user000100
Wed May 28 11:39:48 2014,1401269988,user000001
Wed May 28 11:42:16 2014,1401270136,user000100
Wed May 28 11:42:26 2014,1401270146,user000100
Wed May 28 12:05:40 2014,1401271540,user000010
Wed May 28 12:05:42 2014,1401271542,user000001
Wed May 28 12:07:54 2014,1401271674,user000100
Wed May 28 12:43:47 2014,1401273827,user000001
Wed May 28 12:52:58 2014,1401274378,user000001
Wed May 28 14:29:00 2014,1401280140,user000001
Wed May 28 14:39:08 2014,1401280748,user000001
Wed May 28 15:06:10 2014,1401282370,user000100
Wed May 28 15:06:41 2014,1401282401,user000010
Wed May 28 15:08:39 2014,1401282519,user000001
Wed May 28 15:09:54 2014,1401282594,user000001
Wed May 28 15:14:52 2014,1401282892,user000100
Wed May 28 15:14:55 2014,1401282895,user000010
Wed May 28 15:31:48 2014,1401283908,user000001
Wed May 28 15:39:01 2014,1401284341,user000001
Thu May 29 05:45:57 2014,1401335157,user000010
Thu May 29 05:45:59 2014,1401335159,user000100
Thu May 29 05:52:38 2014,1401335558,user000001
Thu May 29 05:56:04 2014,1401335764,user000010
Thu May 29 05:56:08 2014,1401335768,user000100
Thu May 29 06:01:46 2014,1401336106,user000001
Thu May 29 07:32:28 2014,1401341548,user000001
Thu May 29 07:41:34 2014,1401342094,user000001
Thu May 29 07:43:34 2014,1401342214,user000100
Thu May 29 07:48:25 2014,1401342505,user000100
Thu May 29 08:33:57 2014,1401345237,user000001
Thu May 29 08:40:26 2014,1401345626,user000001
Thu May 29 09:06:11 2014,1401347171,user000001
Thu May 29 09:06:57 2014,1401347217,user000010
Thu May 29 09:07:15 2014,1401347235,user000100
Thu May 29 09:36:36 2014,1401348996,user000001
Thu May 29 09:37:43 2014,1401349063,user000010
Thu May 29 09:38:36 2014,1401349116,user000100
Thu May 29 11:21:05 2014,1401355265,user000001
Thu May 29 11:26:20 2014,1401355580,user000001
Thu May 29 11:34:49 2014,1401356089,user000010
Thu May 29 11:34:49 2014,1401356089,user000010
Thu May 29 11:35:42 2014,1401356142,user000001
Thu May 29 11:35:45 2014,1401356145,user000100
Thu May 29 12:04:42 2014,1401357882,user000010
Thu May 29 12:04:45 2014,1401357885,user000001
Thu May 29 12:05:44 2014,1401357944,user000100
Thu May 29 12:51:29 2014,1401360689,user000001
Thu May 29 12:55:37 2014,1401360937,user000001
Thu May 29 13:28:06 2014,1401362886,user000100
Thu May 29 13:31:04 2014,1401363064,user000100
Thu May 29 14:33:51 2014,1401366831,user000001
Thu May 29 14:41:22 2014,1401367282,user000001
Thu May 29 15:10:12 2014,1401369012,user000100
Thu May 29 15:10:15 2014,1401369015,user000010
Thu May 29 15:19:44 2014,1401369584,user000100
Thu May 29 15:36:24 2014,1401370584,user000001
Thu May 29 15:50:26 2014,1401371426,user000001
Fri May 30 05:45:55 2014,1401421555,user000010
Fri May 30 05:45:55 2014,1401421555,user000010
Fri May 30 05:57:43 2014,1401422263,user000100
Fri May 30 05:57:46 2014,1401422266,user000001
Fri May 30 06:00:04 2014,1401422404,user000010
Fri May 30 06:02:58 2014,1401422578,user000001
Fri May 30 06:03:04 2014,1401422584,user000100
Fri May 30 07:03:37 2014,1401426217,user000001
Fri May 30 07:17:32 2014,1401427052,user000001
Fri May 30 08:36:29 2014,1401431789,user000010
Fri May 30 08:38:37 2014,1401431917,user000010
Fri May 30 09:01:48 2014,1401433308,user000001
Fri May 30 09:03:13 2014,1401433393,user000100
Fri May 30 09:18:53 2014,1401434333,user000010
Fri May 30 09:31:47 2014,1401435107,user000100
Fri May 30 09:31:59 2014,1401435119,user000001
Fri May 30 09:46:17 2014,1401435977,user000010
Fri May 30 10:52:31 2014,1401439951,user000001
Fri May 30 11:00:51 2014,1401440451,user000001
Fri May 30 11:29:04 2014,1401442144,user000100
Fri May 30 11:35:12 2014,1401442512,user000001
Fri May 30 11:40:45 2014,1401442845,user000010
Fri May 30 11:41:10 2014,1401442870,user000010
Fri May 30 11:43:28 2014,1401443008,user000010
Fri May 30 12:01:04 2014,1401444064,user000100
Fri May 30 12:13:05 2014,1401444785,user000010
Fri May 30 12:13:20 2014,1401444800,user000001
Fri May 30 13:33:23 2014,1401449603,user000001
Fri May 30 13:34:35 2014,1401449675,user000001
Fri May 30 13:51:44 2014,1401450704,user000100
Fri May 30 13:54:18 2014,1401450858,user000100
Fri May 30 14:21:55 2014,1401452515,user000001
Fri May 30 14:36:57 2014,1401453417,user000001
Fri May 30 15:03:51 2014,1401455031,user000010
Fri May 30 15:06:59 2014,1401455219,user000100
Fri May 30 15:07:01 2014,1401455221,user000001
Fri May 30 15:15:09 2014,1401455709,user000010
Fri May 30 15:15:13 2014,1401455713,user000100
Fri May 30 15:15:19 2014,1401455719,user000001
Sat May 31 15:06:17 2014,1401541577,user100000
Sat May 31 15:06:21 2014,1401541581,user100000
Sat May 31 15:06:22 2014,1401541582,user100000
Sat May 31 15:06:24 2014,1401541584,user100000
Sat May 31 15:06:29 2014,1401541589,user000001
Sat May 31 15:06:30 2014,1401541590,user000001
Sat May 31 15:06:38 2014,1401541598,user000001
Sat May 31 15:06:47 2014,1401541607,user000001
Sat May 31 15:06:48 2014,1401541608,user000001
Sat May 31 15:06:49 2014,1401541609,user100000
Sat May 31 15:06:50 2014,1401541610,user100000
Sat May 31 15:06:50 2014,1401541610,user000100
Sat May 31 15:06:51 2014,1401541611,user000100
Sat May 31 15:06:52 2014,1401541612,user010000
Sat May 31 15:06:52 2014,1401541612,user010000
Sat May 31 15:06:53 2014,1401541613,user001000
Sat May 31 15:06:54 2014,1401541614,user001000
Sat May 31 15:06:55 2014,1401541615,user000010
Sat May 31 15:06:55 2014,1401541615,user000010
Sat May 31 15:07:02 2014,1401541622,user001000
Sat May 31 15:07:04 2014,1401541624,user001000
Sat May 31 15:07:06 2014,1401541626,user001000
Sat May 31 15:07:07 2014,1401541627,user001000
Sat May 31 15:07:11 2014,1401541631,user010000
Sat May 31 15:07:13 2014,1401541633,user100000
Sat May 31 15:50:28 2014,1401544228,user000001
Sat May 31 15:50:29 2014,1401544229,user000001
Sat May 31 15:50:32 2014,1401544232,user100000
Sat May 31 15:50:33 2014,1401544233,user100000
Sat May 31 15:50:35 2014,1401544235,user000100
Sat May 31 15:50:36 2014,1401544236,user000100
Sat May 31 15:50:37 2014,1401544237,user000100
Sat May 31 15:50:40 2014,1401544240,user010000
Sat May 31 15:50:41 2014,1401544241,user010000
Sat May 31 15:50:44 2014,1401544244,user001000
Sat May 31 15:50:45 2014,1401544245,user001000
Sat May 31 15:50:59 2014,1401544259,user000010
Sat May 31 15:51:00 2014,1401544260,user000010
Mon Jun  2 05:45:53 2014,1401680753,user000010
Mon Jun  2 05:45:55 2014,1401680755,user000100
Mon Jun  2 05:52:24 2014,1401681144,user000001
Mon Jun  2 05:54:48 2014,1401681288,user000100
Mon Jun  2 05:55:01 2014,1401681301,user000010
Mon Jun  2 05:55:27 2014,1401681327,user000001
Mon Jun  2 07:08:33 2014,1401685713,user000001
Mon Jun  2 07:18:16 2014,1401686296,user000001
Mon Jun  2 07:29:34 2014,1401686974,user000100
Mon Jun  2 07:31:41 2014,1401687101,user000100
Mon Jun  2 09:02:04 2014,1401692524,user000001
Mon Jun  2 09:02:39 2014,1401692559,user000010
Mon Jun  2 09:31:45 2014,1401694305,user000010
Mon Jun  2 09:31:46 2014,1401694306,user000001
Mon Jun  2 09:47:54 2014,1401695274,user000100
Mon Jun  2 09:54:51 2014,1401695691,user000100
Mon Jun  2 10:43:23 2014,1401698603,user000001
Mon Jun  2 10:50:11 2014,1401699011,user000001
Mon Jun  2 11:32:10 2014,1401701530,user000010
Mon Jun  2 11:34:57 2014,1401701697,user000100
Mon Jun  2 11:34:58 2014,1401701698,user000001
Mon Jun  2 11:53:14 2014,1401702794,user010000
Mon Jun  2 12:34:27 2014,1401705267,user010000
Mon Jun  2 12:35:07 2014,1401705307,user000001
Mon Jun  2 12:35:09 2014,1401705309,user000010
Mon Jun  2 12:35:57 2014,1401705357,user000100
Mon Jun  2 13:21:40 2014,1401708100,user000001
Mon Jun  2 13:22:55 2014,1401708175,user000001
Mon Jun  2 14:24:58 2014,1401711898,user000010
Mon Jun  2 14:29:09 2014,1401712149,user000010
Mon Jun  2 14:32:27 2014,1401712347,user000001
Mon Jun  2 14:40:36 2014,1401712836,user000001
Mon Jun  2 15:05:07 2014,1401714307,user000100
Mon Jun  2 15:05:09 2014,1401714309,user000010
Mon Jun  2 15:05:19 2014,1401714319,user000001
Mon Jun  2 15:13:03 2014,1401714783,user000100
Mon Jun  2 15:13:05 2014,1401714785,user000010
Mon Jun  2 15:14:37 2014,1401714877,user000001
Tue Jun  3 05:44:21 2014,1401767061,user000100
Tue Jun  3 05:44:26 2014,1401767066,user000010
Tue Jun  3 05:51:40 2014,1401767500,user000010
Tue Jun  3 05:52:26 2014,1401767546,user000001
Tue Jun  3 05:55:30 2014,1401767730,user010000
Tue Jun  3 05:55:33 2014,1401767733,user000100
Tue Jun  3 07:04:48 2014,1401771888,user000001
Tue Jun  3 07:15:40 2014,1401772540,user000001
Tue Jun  3 08:07:46 2014,1401775666,user000001
Tue Jun  3 08:16:17 2014,1401776177,user000001
Tue Jun  3 09:03:27 2014,1401779007,user000100
Tue Jun  3 09:03:50 2014,1401779030,user000010
Tue Jun  3 09:06:18 2014,1401779178,user000001
Tue Jun  3 09:36:53 2014,1401781013,user000010
Tue Jun  3 09:37:36 2014,1401781056,user000100
Tue Jun  3 09:38:00 2014,1401781080,user000001
Tue Jun  3 10:22:36 2014,1401783756,user000001
Tue Jun  3 10:23:28 2014,1401783808,user000001
Tue Jun  3 11:34:15 2014,1401788055,user000100
Tue Jun  3 11:34:30 2014,1401788070,user000001
Tue Jun  3 11:36:46 2014,1401788206,user000010
Tue Jun  3 11:55:48 2014,1401789348,user000100
Tue Jun  3 11:56:05 2014,1401789365,user000100
Tue Jun  3 12:02:47 2014,1401789767,user000100
Tue Jun  3 12:03:01 2014,1401789781,user000001
Tue Jun  3 12:10:11 2014,1401790211,user000010
Tue Jun  3 12:10:11 2014,1401790211,user000010
Tue Jun  3 12:43:06 2014,1401792186,user000001
Tue Jun  3 12:44:21 2014,1401792261,user000001
Tue Jun  3 13:21:13 2014,1401794473,user000100
Tue Jun  3 13:22:48 2014,1401794568,user000100
Tue Jun  3 13:30:04 2014,1401795004,user000010
Tue Jun  3 13:31:32 2014,1401795092,user000010
Tue Jun  3 13:39:11 2014,1401795551,user000001
Tue Jun  3 13:46:15 2014,1401795975,user000001
Tue Jun  3 14:29:34 2014,1401798574,user000001
Tue Jun  3 14:39:30 2014,1401799170,user000001
Tue Jun  3 15:06:34 2014,1401800794,user000001
Tue Jun  3 15:07:21 2014,1401800841,user000001
Tue Jun  3 15:08:12 2014,1401800892,user000010
Tue Jun  3 15:09:21 2014,1401800961,user000100
Tue Jun  3 15:13:28 2014,1401801208,user000010
Tue Jun  3 15:13:42 2014,1401801222,user000100
Tue Jun  3 15:31:30 2014,1401802290,user000001
Tue Jun  3 15:46:31 2014,1401803191,user000001
Wed Jun  4 05:46:23 2014,1401853583,user000010
Wed Jun  4 05:46:26 2014,1401853586,user000100
Wed Jun  4 05:50:03 2014,1401853803,user000001
Wed Jun  4 05:54:52 2014,1401854092,user000001
Wed Jun  4 05:54:54 2014,1401854094,user000010
Wed Jun  4 05:55:04 2014,1401854104,user000100
Wed Jun  4 07:00:59 2014,1401858059,user000001
Wed Jun  4 07:14:23 2014,1401858863,user000001
Wed Jun  4 08:21:00 2014,1401862860,user000001
Wed Jun  4 08:21:59 2014,1401862919,user000001
Wed Jun  4 09:10:09 2014,1401865809,user000001
Wed Jun  4 09:12:18 2014,1401865938,user000100
Wed Jun  4 09:12:19 2014,1401865939,user000010
Wed Jun  4 09:12:44 2014,1401865964,user000010
Wed Jun  4 09:13:53 2014,1401866033,user000010
Wed Jun  4 09:40:03 2014,1401867603,user000010
Wed Jun  4 09:41:44 2014,1401867704,user000100
Wed Jun  4 10:13:53 2014,1401869633,user000001
Wed Jun  4 10:14:41 2014,1401869681,user000001
Wed Jun  4 10:34:19 2014,1401870859,user000001
Wed Jun  4 10:41:03 2014,1401871263,user000001
Wed Jun  4 11:10:53 2014,1401873053,user000001
Wed Jun  4 11:11:39 2014,1401873099,user000001
Wed Jun  4 11:31:38 2014,1401874298,user000010
Wed Jun  4 11:34:25 2014,1401874465,user000001
Wed Jun  4 11:35:38 2014,1401874538,user000100
Wed Jun  4 12:03:23 2014,1401876203,user000010
Wed Jun  4 12:03:57 2014,1401876237,user000001
Wed Jun  4 12:04:51 2014,1401876291,user000100
Wed Jun  4 12:58:10 2014,1401879490,user000100
Wed Jun  4 13:02:22 2014,1401879742,user000100
Wed Jun  4 13:17:08 2014,1401880628,user000001
Wed Jun  4 13:20:36 2014,1401880836,user000010
Wed Jun  4 13:35:06 2014,1401881706,user000010
Wed Jun  4 14:29:54 2014,1401884994,user000001
Wed Jun  4 14:38:29 2014,1401885509,user000001
Wed Jun  4 15:05:07 2014,1401887107,user000001
Wed Jun  4 15:05:56 2014,1401887156,user000001
Wed Jun  4 15:06:41 2014,1401887201,user000001
Wed Jun  4 15:06:55 2014,1401887215,user000010
Wed Jun  4 15:07:33 2014,1401887253,user000100
Wed Jun  4 15:14:55 2014,1401887695,user000010
Wed Jun  4 15:14:58 2014,1401887698,user000001
Wed Jun  4 15:15:02 2014,1401887702,user000100
Thu Jun  5 05:49:25 2014,1401940165,user000100
Thu Jun  5 05:57:30 2014,1401940650,user000001
Thu Jun  5 05:57:32 2014,1401940652,user000010
Thu Jun  5 05:58:46 2014,1401940726,user010000
Thu Jun  5 05:59:30 2014,1401940770,user000100
Thu Jun  5 06:00:16 2014,1401940816,user000001
Thu Jun  5 06:01:05 2014,1401940865,user100000
Thu Jun  5 06:01:09 2014,1401940869,user100000
Thu Jun  5 06:01:30 2014,1401940890,user000010
Thu Jun  5 07:05:39 2014,1401944739,user000001
Thu Jun  5 07:15:04 2014,1401945304,user000001
